#
# There is insufficient memory for the Java Runtime Environment to continue.
# Native memory allocation (malloc) failed to allocate 32744 bytes. Error detail: ChunkPool::allocate
# Possible reasons:
#   The system is out of physical RAM or swap space
#   This process is running with CompressedOops enabled, and the Java Heap may be blocking the growth of the native heap
# Possible solutions:
#   Reduce memory load on the system
#   Increase physical memory or swap space
#   Check if swap backing store is full
#   Decrease Java heap size (-Xmx/-Xms)
#   Decrease number of Java threads
#   Decrease Java thread stack sizes (-Xss)
#   Set larger code cache with -XX:ReservedCodeCacheSize=
#   JVM is running with Unscaled Compressed Oops mode in which the Java heap is
#     placed in the first 4GB address space. The Java Heap base address is the
#     maximum limit for the native heap growth. Please use -XX:HeapBaseMinAddress
#     to set the Java Heap base and to place the Java Heap above 4GB virtual address.
# This output file may be truncated or incomplete.
#
#  Out of Memory Error (arena.cpp:79), pid=9388, tid=15744
#
# JRE version: OpenJDK Runtime Environment Corretto-17.0.15.6.1 (17.0.15+6) (build 17.0.15+6-LTS)
# Java VM: OpenJDK 64-Bit Server VM Corretto-17.0.15.6.1 (17.0.15+6-LTS, mixed mode, emulated-client, sharing, tiered, compressed oops, compressed class ptrs, g1 gc, windows-amd64)
# No core dump will be written. Minidumps are not enabled by default on client versions of Windows
#

---------------  S U M M A R Y ------------

Command Line: -XX:TieredStopAtLevel=1 -Dspring.output.ansi.enabled=always -Dcom.sun.management.jmxremote -Dspring.jmx.enabled=true -Dspring.liveBeansView.mbeanDomain -Dspring.application.admin.enabled=true -Dmanagement.endpoints.jmx.exposure.include=* -javaagent:C:\Program Files\JetBrains\IntelliJ IDEA 2024.3.4\lib\idea_rt.jar=54235 -Dfile.encoding=UTF-8 org.example.atharvolunteeringplatform.AtharVolunteeringPlatformApplication

Host: 11th Gen Intel(R) Core(TM) i3-1115G4 @ 3.00GHz, 4 cores, 3G,  Windows 11 , 64 bit Build 26100 (10.0.26100.3775)
Time: Fri May  9 22:19:52 2025  Windows 11 , 64 bit Build 26100 (10.0.26100.3775) elapsed time: 54.612562 seconds (0d 0h 0m 54s)

---------------  T H R E A D  ---------------

Current thread (0x00000208da14dc80):  JavaThread "C1 CompilerThread0" daemon [_thread_in_native, id=15744, stack(0x0000000a13d00000,0x0000000a13e00000)]


Current CompileTask:
C1:  54613 5709       1       com.mysql.cj.util.StringInspector::indexOfNextChar (1426 bytes)

Stack: [0x0000000a13d00000,0x0000000a13e00000]
Native frames: (J=compiled Java code, j=interpreted, Vv=VM code, C=native code)
V  [jvm.dll+0x681149]
V  [jvm.dll+0x838b5a]
V  [jvm.dll+0x83a61e]
V  [jvm.dll+0x83ac83]
V  [jvm.dll+0x24837f]
V  [jvm.dll+0xacc51]
V  [jvm.dll+0xad09c]
V  [jvm.dll+0x24a7ad]
V  [jvm.dll+0x14c6c9]
V  [jvm.dll+0x1527d7]
V  [jvm.dll+0x134d2b]
V  [jvm.dll+0x153872]
V  [jvm.dll+0x136af3]
V  [jvm.dll+0x13663a]
V  [jvm.dll+0x136826]
V  [jvm.dll+0x135cba]
V  [jvm.dll+0x137971]
V  [jvm.dll+0x229a5d]
V  [jvm.dll+0x227bec]
V  [jvm.dll+0x7eda37]
V  [jvm.dll+0x7e7f8c]
V  [jvm.dll+0x680017]
C  [ucrtbase.dll+0x37b0]
C  [KERNEL32.DLL+0x2e8d7]
C  [ntdll.dll+0xb14fc]


---------------  P R O C E S S  ---------------

Threads class SMR info:
_java_thread_list=0x00000208e0e746f0, length=22, elements={
0x000002088a011040, 0x00000208da132450, 0x00000208da133b80, 0x00000208da149570,
0x00000208da14bf40, 0x00000208da14c900, 0x00000208da14d2c0, 0x00000208da14dc80,
0x00000208da18b6b0, 0x00000208da1f88b0, 0x00000208df0da5c0, 0x00000208df0e7660,
0x00000208df1323f0, 0x00000208df1de4b0, 0x00000208df46f750, 0x00000208df487650,
0x00000208df60ff90, 0x00000208df612810, 0x00000208df60f060, 0x00000208df611df0,
0x00000208df60f570, 0x00000208df6113d0
}

Java Threads: ( => current thread )
  0x000002088a011040 JavaThread "main" [_thread_in_native, id=23512, stack(0x0000000a13000000,0x0000000a13100000)]
  0x00000208da132450 JavaThread "Reference Handler" daemon [_thread_blocked, id=10796, stack(0x0000000a13700000,0x0000000a13800000)]
  0x00000208da133b80 JavaThread "Finalizer" daemon [_thread_blocked, id=15472, stack(0x0000000a13800000,0x0000000a13900000)]
  0x00000208da149570 JavaThread "Signal Dispatcher" daemon [_thread_blocked, id=10460, stack(0x0000000a13900000,0x0000000a13a00000)]
  0x00000208da14bf40 JavaThread "Attach Listener" daemon [_thread_blocked, id=8332, stack(0x0000000a13a00000,0x0000000a13b00000)]
  0x00000208da14c900 JavaThread "Service Thread" daemon [_thread_blocked, id=4236, stack(0x0000000a13b00000,0x0000000a13c00000)]
  0x00000208da14d2c0 JavaThread "Monitor Deflation Thread" daemon [_thread_blocked, id=96, stack(0x0000000a13c00000,0x0000000a13d00000)]
=>0x00000208da14dc80 JavaThread "C1 CompilerThread0" daemon [_thread_in_native, id=15744, stack(0x0000000a13d00000,0x0000000a13e00000)]
  0x00000208da18b6b0 JavaThread "Sweeper thread" daemon [_thread_blocked, id=24148, stack(0x0000000a13e00000,0x0000000a13f00000)]
  0x00000208da1f88b0 JavaThread "Common-Cleaner" daemon [_thread_blocked, id=25224, stack(0x0000000a13f00000,0x0000000a14000000)]
  0x00000208df0da5c0 JavaThread "Monitor Ctrl-Break" daemon [_thread_in_native, id=8792, stack(0x0000000a14000000,0x0000000a14100000)]
  0x00000208df0e7660 JavaThread "Notification Thread" daemon [_thread_blocked, id=23356, stack(0x0000000a14100000,0x0000000a14200000)]
  0x00000208df1323f0 JavaThread "RMI TCP Accept-0" daemon [_thread_in_native, id=15860, stack(0x0000000a14200000,0x0000000a14300000)]
  0x00000208df1de4b0 JavaThread "RMI TCP Connection(idle)" daemon [_thread_blocked, id=24600, stack(0x0000000a14800000,0x0000000a14900000)]
  0x00000208df46f750 JavaThread "RMI Scheduler(0)" daemon [_thread_blocked, id=12088, stack(0x0000000a14900000,0x0000000a14a00000)]
  0x00000208df487650 JavaThread "JMX server connection timeout 19" daemon [_thread_blocked, id=4748, stack(0x0000000a14a00000,0x0000000a14b00000)]
  0x00000208df60ff90 JavaThread "RMI TCP Connection(2)-192.168.100.64" daemon [_thread_in_native, id=25404, stack(0x0000000a14b00000,0x0000000a14c00000)]
  0x00000208df612810 JavaThread "Catalina-utility-1" [_thread_blocked, id=19608, stack(0x0000000a14c00000,0x0000000a14d00000)]
  0x00000208df60f060 JavaThread "Catalina-utility-2" [_thread_blocked, id=23492, stack(0x0000000a14d00000,0x0000000a14e00000)]
  0x00000208df611df0 JavaThread "container-0" [_thread_blocked, id=22636, stack(0x0000000a14e00000,0x0000000a14f00000)]
  0x00000208df60f570 JavaThread "mysql-cj-abandoned-connection-cleanup" daemon [_thread_blocked, id=24312, stack(0x0000000a14f00000,0x0000000a15000000)]
  0x00000208df6113d0 JavaThread "HikariPool-1 housekeeper" daemon [_thread_blocked, id=4464, stack(0x0000000a15300000,0x0000000a15400000)]

Other Threads:
  0x00000208da12dd00 VMThread "VM Thread" [stack: 0x0000000a13600000,0x0000000a13700000] [id=25252]
  0x00000208df137890 WatcherThread [stack: 0x0000000a14300000,0x0000000a14400000] [id=1072]
  0x000002088a049fe0 GCTaskThread "GC Thread#0" [stack: 0x0000000a13100000,0x0000000a13200000] [id=3984]
  0x00000208df1e6670 GCTaskThread "GC Thread#1" [stack: 0x0000000a14400000,0x0000000a14500000] [id=14988]
  0x00000208df12ef00 GCTaskThread "GC Thread#2" [stack: 0x0000000a14500000,0x0000000a14600000] [id=25080]
  0x00000208df14f940 GCTaskThread "GC Thread#3" [stack: 0x0000000a14600000,0x0000000a14700000] [id=2696]
  0x000002088a053400 ConcurrentGCThread "G1 Main Marker" [stack: 0x0000000a13200000,0x0000000a13300000] [id=14416]
  0x000002088a0575e0 ConcurrentGCThread "G1 Conc#0" [stack: 0x0000000a13300000,0x0000000a13400000] [id=16868]
  0x000002088a096ad0 ConcurrentGCThread "G1 Refine#0" [stack: 0x0000000a13400000,0x0000000a13500000] [id=9376]
  0x00000208df12eb40 ConcurrentGCThread "G1 Refine#1" [stack: 0x0000000a14700000,0x0000000a14800000] [id=23120]
  0x000002088a098f20 ConcurrentGCThread "G1 Service" [stack: 0x0000000a13500000,0x0000000a13600000] [id=6480]

Threads with active compile tasks:
C1 CompilerThread0    54743 5709       1       com.mysql.cj.util.StringInspector::indexOfNextChar (1426 bytes)

VM state: not at safepoint (normal execution)

VM Mutex/Monitor currently owned by a thread: None

Heap address: 0x00000000c4000000, size: 960 MB, Compressed Oops mode: 32-bit

CDS archive(s) mapped at: [0x0000020899000000-0x0000020899bb0000-0x0000020899bb0000), size 12255232, SharedBaseAddress: 0x0000020899000000, ArchiveRelocationMode: 1.
Compressed class space mapped at: 0x000002089a000000-0x00000208da000000, reserved size: 1073741824
Narrow klass base: 0x0000020899000000, Narrow klass shift: 0, Narrow klass range: 0x100000000

GC Precious Log:
 CPUs: 4 total, 4 available
 Memory: 3836M
 Large Page Support: Disabled
 NUMA Support: Disabled
 Compressed Oops: Enabled (32-bit)
 Heap Region Size: 1M
 Heap Min Capacity: 8M
 Heap Initial Capacity: 60M
 Heap Max Capacity: 960M
 Pre-touch: Disabled
 Parallel Workers: 4
 Concurrent Workers: 1
 Concurrent Refinement Workers: 4
 Periodic GC: Disabled

Heap:
 garbage-first heap   total 65536K, used 30902K [0x00000000c4000000, 0x0000000100000000)
  region size 1024K, 8 young (8192K), 3 survivors (3072K)
 Metaspace       used 56828K, committed 57472K, reserved 1114112K
  class space    used 8258K, committed 8576K, reserved 1048576K

Heap Regions: E=young(eden), S=young(survivor), O=old, HS=humongous(starts), HC=humongous(continues), CS=collection set, F=free, OA=open archive, CA=closed archive, TAMS=top-at-mark-start (previous, next)
|   0|0x00000000c4000000, 0x00000000c4100000, 0x00000000c4100000|100%|HS|  |TAMS 0x00000000c4100000, 0x00000000c4000000| Complete 
|   1|0x00000000c4100000, 0x00000000c4200000, 0x00000000c4200000|100%|HS|  |TAMS 0x00000000c4200000, 0x00000000c4100000| Complete 
|   2|0x00000000c4200000, 0x00000000c4300000, 0x00000000c4300000|100%| O|  |TAMS 0x00000000c4300000, 0x00000000c4200000| Untracked 
|   3|0x00000000c4300000, 0x00000000c4400000, 0x00000000c4400000|100%| O|  |TAMS 0x00000000c4400000, 0x00000000c4300000| Untracked 
|   4|0x00000000c4400000, 0x00000000c4500000, 0x00000000c4500000|100%| O|  |TAMS 0x00000000c4500000, 0x00000000c4400000| Untracked 
|   5|0x00000000c4500000, 0x00000000c4600000, 0x00000000c4600000|100%| O|  |TAMS 0x00000000c4600000, 0x00000000c4500000| Untracked 
|   6|0x00000000c4600000, 0x00000000c4700000, 0x00000000c4700000|100%| O|  |TAMS 0x00000000c4700000, 0x00000000c4600000| Untracked 
|   7|0x00000000c4700000, 0x00000000c4800000, 0x00000000c4800000|100%| O|  |TAMS 0x00000000c4800000, 0x00000000c4700000| Untracked 
|   8|0x00000000c4800000, 0x00000000c4900000, 0x00000000c4900000|100%| O|  |TAMS 0x00000000c4900000, 0x00000000c4800000| Untracked 
|   9|0x00000000c4900000, 0x00000000c4a00000, 0x00000000c4a00000|100%| O|  |TAMS 0x00000000c4a00000, 0x00000000c4900000| Untracked 
|  10|0x00000000c4a00000, 0x00000000c4b00000, 0x00000000c4b00000|100%| O|  |TAMS 0x00000000c4b00000, 0x00000000c4a00000| Untracked 
|  11|0x00000000c4b00000, 0x00000000c4c00000, 0x00000000c4c00000|100%| O|  |TAMS 0x00000000c4c00000, 0x00000000c4b00000| Untracked 
|  12|0x00000000c4c00000, 0x00000000c4d00000, 0x00000000c4d00000|100%| O|  |TAMS 0x00000000c4d00000, 0x00000000c4c00000| Untracked 
|  13|0x00000000c4d00000, 0x00000000c4e00000, 0x00000000c4e00000|100%| O|  |TAMS 0x00000000c4e00000, 0x00000000c4d00000| Untracked 
|  14|0x00000000c4e00000, 0x00000000c4f00000, 0x00000000c4f00000|100%| O|  |TAMS 0x00000000c4f00000, 0x00000000c4e00000| Untracked 
|  15|0x00000000c4f00000, 0x00000000c5000000, 0x00000000c5000000|100%| O|  |TAMS 0x00000000c5000000, 0x00000000c4f00000| Untracked 
|  16|0x00000000c5000000, 0x00000000c5100000, 0x00000000c5100000|100%| O|  |TAMS 0x00000000c5100000, 0x00000000c5000000| Untracked 
|  17|0x00000000c5100000, 0x00000000c5200000, 0x00000000c5200000|100%| O|  |TAMS 0x00000000c5166800, 0x00000000c5100000| Untracked 
|  18|0x00000000c5200000, 0x00000000c5300000, 0x00000000c5300000|100%| O|  |TAMS 0x00000000c5200000, 0x00000000c5200000| Untracked 
|  19|0x00000000c5300000, 0x00000000c53e4a00, 0x00000000c5400000| 89%| O|  |TAMS 0x00000000c5300000, 0x00000000c5300000| Untracked 
|  20|0x00000000c5400000, 0x00000000c5500000, 0x00000000c5500000|100%| O|  |TAMS 0x00000000c5400000, 0x00000000c5400000| Untracked 
|  21|0x00000000c5500000, 0x00000000c5600000, 0x00000000c5600000|100%| O|  |TAMS 0x00000000c5500000, 0x00000000c5500000| Untracked 
|  22|0x00000000c5600000, 0x00000000c5700000, 0x00000000c5700000|100%| O|  |TAMS 0x00000000c5600000, 0x00000000c5600000| Untracked 
|  23|0x00000000c5700000, 0x00000000c5800000, 0x00000000c5800000|100%| O|  |TAMS 0x00000000c5700000, 0x00000000c5700000| Untracked 
|  24|0x00000000c5800000, 0x00000000c5800000, 0x00000000c5900000|  0%| F|  |TAMS 0x00000000c5800000, 0x00000000c5800000| Untracked 
|  25|0x00000000c5900000, 0x00000000c5900000, 0x00000000c5a00000|  0%| F|  |TAMS 0x00000000c5900000, 0x00000000c5900000| Untracked 
|  26|0x00000000c5a00000, 0x00000000c5a00000, 0x00000000c5b00000|  0%| F|  |TAMS 0x00000000c5a00000, 0x00000000c5a00000| Untracked 
|  27|0x00000000c5b00000, 0x00000000c5b00000, 0x00000000c5c00000|  0%| F|  |TAMS 0x00000000c5b00000, 0x00000000c5b00000| Untracked 
|  28|0x00000000c5c00000, 0x00000000c5c00000, 0x00000000c5d00000|  0%| F|  |TAMS 0x00000000c5c00000, 0x00000000c5c00000| Untracked 
|  29|0x00000000c5d00000, 0x00000000c5d00000, 0x00000000c5e00000|  0%| F|  |TAMS 0x00000000c5d00000, 0x00000000c5d00000| Untracked 
|  30|0x00000000c5e00000, 0x00000000c5e00000, 0x00000000c5f00000|  0%| F|  |TAMS 0x00000000c5e00000, 0x00000000c5e00000| Untracked 
|  31|0x00000000c5f00000, 0x00000000c5f00000, 0x00000000c6000000|  0%| F|  |TAMS 0x00000000c5f00000, 0x00000000c5f00000| Untracked 
|  32|0x00000000c6000000, 0x00000000c6000000, 0x00000000c6100000|  0%| F|  |TAMS 0x00000000c6000000, 0x00000000c6000000| Untracked 
|  33|0x00000000c6100000, 0x00000000c61491e8, 0x00000000c6200000| 28%| S|CS|TAMS 0x00000000c6100000, 0x00000000c6100000| Complete 
|  34|0x00000000c6200000, 0x00000000c6200000, 0x00000000c6300000|  0%| F|  |TAMS 0x00000000c6200000, 0x00000000c6200000| Untracked 
|  35|0x00000000c6300000, 0x00000000c6300000, 0x00000000c6400000|  0%| F|  |TAMS 0x00000000c6300000, 0x00000000c6300000| Untracked 
|  36|0x00000000c6400000, 0x00000000c6500000, 0x00000000c6500000|100%| S|CS|TAMS 0x00000000c6400000, 0x00000000c6400000| Complete 
|  37|0x00000000c6500000, 0x00000000c6600000, 0x00000000c6600000|100%| S|CS|TAMS 0x00000000c6500000, 0x00000000c6500000| Complete 
|  38|0x00000000c6600000, 0x00000000c6600000, 0x00000000c6700000|  0%| F|  |TAMS 0x00000000c6600000, 0x00000000c6600000| Untracked 
|  39|0x00000000c6700000, 0x00000000c6700000, 0x00000000c6800000|  0%| F|  |TAMS 0x00000000c6700000, 0x00000000c6700000| Untracked 
|  40|0x00000000c6800000, 0x00000000c6800000, 0x00000000c6900000|  0%| F|  |TAMS 0x00000000c6800000, 0x00000000c6800000| Untracked 
|  41|0x00000000c6900000, 0x00000000c6900000, 0x00000000c6a00000|  0%| F|  |TAMS 0x00000000c6900000, 0x00000000c6900000| Untracked 
|  42|0x00000000c6a00000, 0x00000000c6a00000, 0x00000000c6b00000|  0%| F|  |TAMS 0x00000000c6a00000, 0x00000000c6a00000| Untracked 
|  43|0x00000000c6b00000, 0x00000000c6b00000, 0x00000000c6c00000|  0%| F|  |TAMS 0x00000000c6b00000, 0x00000000c6b00000| Untracked 
|  44|0x00000000c6c00000, 0x00000000c6c00000, 0x00000000c6d00000|  0%| F|  |TAMS 0x00000000c6c00000, 0x00000000c6c00000| Untracked 
|  45|0x00000000c6d00000, 0x00000000c6d00000, 0x00000000c6e00000|  0%| F|  |TAMS 0x00000000c6d00000, 0x00000000c6d00000| Untracked 
|  46|0x00000000c6e00000, 0x00000000c6e00000, 0x00000000c6f00000|  0%| F|  |TAMS 0x00000000c6e00000, 0x00000000c6e00000| Untracked 
|  47|0x00000000c6f00000, 0x00000000c6f00000, 0x00000000c7000000|  0%| F|  |TAMS 0x00000000c6f00000, 0x00000000c6f00000| Untracked 
|  48|0x00000000c7000000, 0x00000000c7000000, 0x00000000c7100000|  0%| F|  |TAMS 0x00000000c7000000, 0x00000000c7000000| Untracked 
|  49|0x00000000c7100000, 0x00000000c7100000, 0x00000000c7200000|  0%| F|  |TAMS 0x00000000c7100000, 0x00000000c7100000| Untracked 
|  50|0x00000000c7200000, 0x00000000c7200000, 0x00000000c7300000|  0%| F|  |TAMS 0x00000000c7200000, 0x00000000c7200000| Untracked 
|  51|0x00000000c7300000, 0x00000000c7300000, 0x00000000c7400000|  0%| F|  |TAMS 0x00000000c7300000, 0x00000000c7300000| Untracked 
|  52|0x00000000c7400000, 0x00000000c7400000, 0x00000000c7500000|  0%| F|  |TAMS 0x00000000c7400000, 0x00000000c7400000| Untracked 
|  53|0x00000000c7500000, 0x00000000c7500000, 0x00000000c7600000|  0%| F|  |TAMS 0x00000000c7500000, 0x00000000c7500000| Untracked 
|  54|0x00000000c7600000, 0x00000000c7600000, 0x00000000c7700000|  0%| F|  |TAMS 0x00000000c7600000, 0x00000000c7600000| Untracked 
|  55|0x00000000c7700000, 0x00000000c7700000, 0x00000000c7800000|  0%| F|  |TAMS 0x00000000c7700000, 0x00000000c7700000| Untracked 
|  56|0x00000000c7800000, 0x00000000c7800000, 0x00000000c7900000|  0%| F|  |TAMS 0x00000000c7800000, 0x00000000c7800000| Untracked 
|  57|0x00000000c7900000, 0x00000000c7900000, 0x00000000c7a00000|  0%| F|  |TAMS 0x00000000c7900000, 0x00000000c7900000| Untracked 
|  58|0x00000000c7a00000, 0x00000000c7a00000, 0x00000000c7b00000|  0%| F|  |TAMS 0x00000000c7a00000, 0x00000000c7a00000| Untracked 
|  59|0x00000000c7b00000, 0x00000000c7b2e098, 0x00000000c7c00000| 17%| E|  |TAMS 0x00000000c7b00000, 0x00000000c7b00000| Complete 
|  60|0x00000000c7c00000, 0x00000000c7d00000, 0x00000000c7d00000|100%| E|CS|TAMS 0x00000000c7c00000, 0x00000000c7c00000| Complete 
|  61|0x00000000c7d00000, 0x00000000c7e00000, 0x00000000c7e00000|100%| E|CS|TAMS 0x00000000c7d00000, 0x00000000c7d00000| Complete 
|  62|0x00000000c7e00000, 0x00000000c7f00000, 0x00000000c7f00000|100%| E|CS|TAMS 0x00000000c7e00000, 0x00000000c7e00000| Complete 
|  63|0x00000000c7f00000, 0x00000000c8000000, 0x00000000c8000000|100%| E|CS|TAMS 0x00000000c7f00000, 0x00000000c7f00000| Complete 

Card table byte_map: [0x0000020889de0000,0x0000020889fc0000] _byte_map_base: 0x00000208897c0000

Marking Bits (Prev, Next): (CMBitMap*) 0x000002088a04a600, (CMBitMap*) 0x000002088a04a640
 Prev Bits: [0x0000020894d30000, 0x0000020895c30000)
 Next Bits: [0x0000020895c30000, 0x0000020896b30000)

Polling page: 0x0000020887f90000

Metaspace:

Usage:
  Non-class:     47.43 MB used.
      Class:      8.06 MB used.
       Both:     55.50 MB used.

Virtual space:
  Non-class space:       64.00 MB reserved,      47.75 MB ( 75%) committed,  1 nodes.
      Class space:        1.00 GB reserved,       8.38 MB ( <1%) committed,  1 nodes.
             Both:        1.06 GB reserved,      56.12 MB (  5%) committed. 

Chunk freelists:
   Non-Class:  15.78 MB
       Class:  7.54 MB
        Both:  23.32 MB

MaxMetaspaceSize: unlimited
CompressedClassSpaceSize: 1.00 GB
Initial GC threshold: 21.00 MB
Current GC threshold: 58.88 MB
CDS: on
MetaspaceReclaimPolicy: balanced
 - commit_granule_bytes: 65536.
 - commit_granule_words: 8192.
 - virtual_space_node_default_size: 8388608.
 - enlarge_chunks_in_place: 1.
 - new_chunks_are_fully_committed: 0.
 - uncommit_free_chunks: 1.
 - use_allocation_guard: 0.
 - handle_deallocations: 1.


Internal statistics:

num_allocs_failed_limit: 6.
num_arena_births: 866.
num_arena_deaths: 0.
num_vsnodes_births: 2.
num_vsnodes_deaths: 0.
num_space_committed: 896.
num_space_uncommitted: 0.
num_chunks_returned_to_freelist: 6.
num_chunks_taken_from_freelist: 3008.
num_chunk_merges: 6.
num_chunk_splits: 2131.
num_chunks_enlarged: 1610.
num_inconsistent_stats: 0.

CodeCache: size=49152Kb used=9660Kb max_used=9660Kb free=39491Kb
 bounds [0x0000020891b50000, 0x00000208924c0000, 0x0000020894b50000]
 total_blobs=6365 nmethods=5705 adapters=586
 compilation: enabled
              stopped_count=0, restarted_count=0
 full_count=0

Compilation events (20 events):
Event: 53.259 Thread 0x00000208da14dc80 nmethod 5698 0x00000208924b9b10 code [0x00000208924b9ca0, 0x00000208924b9e58]
Event: 53.259 Thread 0x00000208da14dc80 5699       1       java.io.ObjectStreamClass::getFields (22 bytes)
Event: 53.260 Thread 0x00000208da14dc80 nmethod 5699 0x00000208924b9f10 code [0x00000208924ba0c0, 0x00000208924ba228]
Event: 53.260 Thread 0x00000208da14dc80 5700       1       java.io.ObjectStreamClass::getResolveException (5 bytes)
Event: 53.260 Thread 0x00000208da14dc80 nmethod 5700 0x00000208924ba310 code [0x00000208924ba4a0, 0x00000208924ba578]
Event: 53.266 Thread 0x00000208da14dc80 5701       1       java.io.ObjectInputStream::readUTF (8 bytes)
Event: 53.266 Thread 0x00000208da14dc80 nmethod 5701 0x00000208924ba610 code [0x00000208924ba7c0, 0x00000208924ba8d8]
Event: 53.266 Thread 0x00000208da14dc80 5702       1       java.io.ObjectInputStream::readByte (8 bytes)
Event: 53.266 Thread 0x00000208da14dc80 nmethod 5702 0x00000208924ba990 code [0x00000208924bab40, 0x00000208924bacd8]
Event: 53.267 Thread 0x00000208da14dc80 5703   !   1       java.io.ObjectOutputStream::writeSerialData (223 bytes)
Event: 53.267 Thread 0x00000208da14dc80 nmethod 5703 0x00000208924bae10 code [0x00000208924bb040, 0x00000208924bb908]
Event: 53.268 Thread 0x00000208da14dc80 5704       1       sun.util.logging.internal.LoggingProviderImpl$JULWrapper::isLoggable (12 bytes)
Event: 53.271 Thread 0x00000208da14dc80 nmethod 5704 0x00000208924bbe90 code [0x00000208924bc020, 0x00000208924bc148]
Event: 54.323 Thread 0x00000208da14dc80 5705       1       java.io.ObjectInputStream::readClassDesc (121 bytes)
Event: 54.326 Thread 0x00000208da14dc80 nmethod 5705 0x00000208924bc290 code [0x00000208924bc540, 0x00000208924bcf28]
Event: 54.326 Thread 0x00000208da14dc80 5706       1       java.io.Bits::getInt (43 bytes)
Event: 54.326 Thread 0x00000208da14dc80 nmethod 5706 0x00000208924bd410 code [0x00000208924bd5a0, 0x00000208924bd6b8]
Event: 54.585 Thread 0x00000208da14dc80 5707   !   1       com.mysql.cj.protocol.a.SimplePacketReader::readMessageLocal (145 bytes)
Event: 54.588 Thread 0x00000208da14dc80 nmethod 5707 0x00000208924bd790 code [0x00000208924bda20, 0x00000208924be628]
Event: 54.588 Thread 0x00000208da14dc80 5709       1       com.mysql.cj.util.StringInspector::indexOfNextChar (1426 bytes)

GC Heap History (20 events):
Event: 23.482 GC heap before
{Heap before GC invocations=7 (full 0):
 garbage-first heap   total 48128K, used 16969K [0x00000000c4000000, 0x0000000100000000)
  region size 1024K, 4 young (4096K), 3 survivors (3072K)
 Metaspace       used 24032K, committed 24448K, reserved 1114112K
  class space    used 3373K, committed 3584K, reserved 1048576K
}
Event: 23.522 GC heap after
{Heap after GC invocations=8 (full 0):
 garbage-first heap   total 48128K, used 16121K [0x00000000c4000000, 0x0000000100000000)
  region size 1024K, 1 young (1024K), 1 survivors (1024K)
 Metaspace       used 24032K, committed 24448K, reserved 1114112K
  class space    used 3373K, committed 3584K, reserved 1048576K
}
Event: 26.155 GC heap before
{Heap before GC invocations=8 (full 0):
 garbage-first heap   total 48128K, used 33529K [0x00000000c4000000, 0x0000000100000000)
  region size 1024K, 18 young (18432K), 1 survivors (1024K)
 Metaspace       used 26362K, committed 26816K, reserved 1114112K
  class space    used 3731K, committed 3904K, reserved 1048576K
}
Event: 26.173 GC heap after
{Heap after GC invocations=9 (full 0):
 garbage-first heap   total 48128K, used 17187K [0x00000000c4000000, 0x0000000100000000)
  region size 1024K, 2 young (2048K), 2 survivors (2048K)
 Metaspace       used 26362K, committed 26816K, reserved 1114112K
  class space    used 3731K, committed 3904K, reserved 1048576K
}
Event: 28.917 GC heap before
{Heap before GC invocations=9 (full 0):
 garbage-first heap   total 48128K, used 34595K [0x00000000c4000000, 0x0000000100000000)
  region size 1024K, 19 young (19456K), 2 survivors (2048K)
 Metaspace       used 29258K, committed 29760K, reserved 1114112K
  class space    used 4177K, committed 4416K, reserved 1048576K
}
Event: 28.959 GC heap after
{Heap after GC invocations=10 (full 0):
 garbage-first heap   total 48128K, used 18896K [0x00000000c4000000, 0x0000000100000000)
  region size 1024K, 3 young (3072K), 3 survivors (3072K)
 Metaspace       used 29258K, committed 29760K, reserved 1114112K
  class space    used 4177K, committed 4416K, reserved 1048576K
}
Event: 32.999 GC heap before
{Heap before GC invocations=10 (full 0):
 garbage-first heap   total 48128K, used 35280K [0x00000000c4000000, 0x0000000100000000)
  region size 1024K, 20 young (20480K), 3 survivors (3072K)
 Metaspace       used 31615K, committed 32128K, reserved 1114112K
  class space    used 4486K, committed 4736K, reserved 1048576K
}
Event: 33.026 GC heap after
{Heap after GC invocations=11 (full 0):
 garbage-first heap   total 65536K, used 20521K [0x00000000c4000000, 0x0000000100000000)
  region size 1024K, 2 young (2048K), 2 survivors (2048K)
 Metaspace       used 31615K, committed 32128K, reserved 1114112K
  class space    used 4486K, committed 4736K, reserved 1048576K
}
Event: 35.447 GC heap before
{Heap before GC invocations=11 (full 0):
 garbage-first heap   total 65536K, used 34857K [0x00000000c4000000, 0x0000000100000000)
  region size 1024K, 17 young (17408K), 2 survivors (2048K)
 Metaspace       used 35505K, committed 35968K, reserved 1114112K
  class space    used 5053K, committed 5248K, reserved 1048576K
}
Event: 35.513 GC heap after
{Heap after GC invocations=12 (full 0):
 garbage-first heap   total 65536K, used 20728K [0x00000000c4000000, 0x0000000100000000)
  region size 1024K, 2 young (2048K), 2 survivors (2048K)
 Metaspace       used 35505K, committed 35968K, reserved 1114112K
  class space    used 5053K, committed 5248K, reserved 1048576K
}
Event: 42.379 GC heap before
{Heap before GC invocations=13 (full 0):
 garbage-first heap   total 65536K, used 49400K [0x00000000c4000000, 0x0000000100000000)
  region size 1024K, 30 young (30720K), 2 survivors (2048K)
 Metaspace       used 41790K, committed 42240K, reserved 1114112K
  class space    used 5986K, committed 6208K, reserved 1048576K
}
Event: 42.415 GC heap after
{Heap after GC invocations=14 (full 0):
 garbage-first heap   total 65536K, used 23363K [0x00000000c4000000, 0x0000000100000000)
  region size 1024K, 4 young (4096K), 4 survivors (4096K)
 Metaspace       used 41790K, committed 42240K, reserved 1114112K
  class space    used 5986K, committed 6208K, reserved 1048576K
}
Event: 42.511 GC heap before
{Heap before GC invocations=14 (full 0):
 garbage-first heap   total 65536K, used 24387K [0x00000000c4000000, 0x0000000100000000)
  region size 1024K, 5 young (5120K), 4 survivors (4096K)
 Metaspace       used 42142K, committed 42624K, reserved 1114112K
  class space    used 6046K, committed 6272K, reserved 1048576K
}
Event: 42.623 GC heap after
{Heap after GC invocations=15 (full 0):
 garbage-first heap   total 65536K, used 23743K [0x00000000c4000000, 0x0000000100000000)
  region size 1024K, 1 young (1024K), 1 survivors (1024K)
 Metaspace       used 42142K, committed 42624K, reserved 1114112K
  class space    used 6046K, committed 6272K, reserved 1048576K
}
Event: 46.124 GC heap before
{Heap before GC invocations=15 (full 0):
 garbage-first heap   total 65536K, used 48319K [0x00000000c4000000, 0x0000000100000000)
  region size 1024K, 26 young (26624K), 1 survivors (1024K)
 Metaspace       used 46578K, committed 47168K, reserved 1114112K
  class space    used 6614K, committed 6912K, reserved 1048576K
}
Event: 46.152 GC heap after
{Heap after GC invocations=16 (full 0):
 garbage-first heap   total 65536K, used 24533K [0x00000000c4000000, 0x0000000100000000)
  region size 1024K, 2 young (2048K), 2 survivors (2048K)
 Metaspace       used 46578K, committed 47168K, reserved 1114112K
  class space    used 6614K, committed 6912K, reserved 1048576K
}
Event: 49.010 GC heap before
{Heap before GC invocations=16 (full 0):
 garbage-first heap   total 65536K, used 49109K [0x00000000c4000000, 0x0000000100000000)
  region size 1024K, 27 young (27648K), 2 survivors (2048K)
 Metaspace       used 52673K, committed 53248K, reserved 1114112K
  class space    used 7648K, committed 7936K, reserved 1048576K
}
Event: 49.034 GC heap after
{Heap after GC invocations=17 (full 0):
 garbage-first heap   total 65536K, used 25346K [0x00000000c4000000, 0x0000000100000000)
  region size 1024K, 3 young (3072K), 3 survivors (3072K)
 Metaspace       used 52673K, committed 53248K, reserved 1114112K
  class space    used 7648K, committed 7936K, reserved 1048576K
}
Event: 51.257 GC heap before
{Heap before GC invocations=17 (full 0):
 garbage-first heap   total 65536K, used 49922K [0x00000000c4000000, 0x0000000100000000)
  region size 1024K, 28 young (28672K), 3 survivors (3072K)
 Metaspace       used 56407K, committed 57024K, reserved 1114112K
  class space    used 8223K, committed 8512K, reserved 1048576K
}
Event: 51.296 GC heap after
{Heap after GC invocations=18 (full 0):
 garbage-first heap   total 65536K, used 26806K [0x00000000c4000000, 0x0000000100000000)
  region size 1024K, 3 young (3072K), 3 survivors (3072K)
 Metaspace       used 56407K, committed 57024K, reserved 1114112K
  class space    used 8223K, committed 8512K, reserved 1048576K
}

Dll operation events (13 events):
Event: 0.283 Loaded shared library C:\Users\rhaff\.jdks\corretto-17.0.15\bin\java.dll
Event: 0.726 Loaded shared library C:\Users\rhaff\.jdks\corretto-17.0.15\bin\jsvml.dll
Event: 2.327 Loaded shared library C:\Users\rhaff\.jdks\corretto-17.0.15\bin\zip.dll
Event: 2.339 Loaded shared library C:\Users\rhaff\.jdks\corretto-17.0.15\bin\instrument.dll
Event: 2.374 Loaded shared library C:\Users\rhaff\.jdks\corretto-17.0.15\bin\net.dll
Event: 2.388 Loaded shared library C:\Users\rhaff\.jdks\corretto-17.0.15\bin\nio.dll
Event: 2.418 Loaded shared library C:\Users\rhaff\.jdks\corretto-17.0.15\bin\zip.dll
Event: 3.305 Loaded shared library C:\Users\rhaff\.jdks\corretto-17.0.15\bin\jimage.dll
Event: 4.090 Loaded shared library C:\Users\rhaff\.jdks\corretto-17.0.15\bin\management.dll
Event: 4.136 Loaded shared library C:\Users\rhaff\.jdks\corretto-17.0.15\bin\management_ext.dll
Event: 4.790 Loaded shared library C:\Users\rhaff\.jdks\corretto-17.0.15\bin\extnet.dll
Event: 19.811 Loaded shared library C:\Users\rhaff\.jdks\corretto-17.0.15\bin\sunmscapi.dll
Event: 35.888 Loaded shared library C:\Users\rhaff\.jdks\corretto-17.0.15\bin\verify.dll

Deoptimization events (0 events):
No events

Classes loaded (20 events):
Event: 45.148 Loading class java/util/WeakHashMap$EntryIterator
Event: 45.149 Loading class java/util/WeakHashMap$HashIterator
Event: 45.150 Loading class java/util/WeakHashMap$HashIterator done
Event: 45.150 Loading class java/util/WeakHashMap$EntryIterator done
Event: 45.308 Loading class sun/reflect/annotation/TypeAnnotation$TypeAnnotationTargetInfo
Event: 45.309 Loading class sun/reflect/annotation/TypeAnnotation$TypeAnnotationTargetInfo done
Event: 45.778 Loading class java/lang/Throwable$PrintStreamOrWriter
Event: 45.779 Loading class java/lang/Throwable$PrintStreamOrWriter done
Event: 46.176 Loading class java/util/concurrent/CancellationException
Event: 46.181 Loading class java/util/concurrent/CancellationException done
Event: 46.214 Loading class java/rmi/AccessException
Event: 46.218 Loading class java/rmi/AccessException done
Event: 46.300 Loading class java/rmi/server/UnicastRemoteObject
Event: 46.300 Loading class java/rmi/server/UnicastRemoteObject done
Event: 46.301 Loading class java/util/Vector$1
Event: 46.301 Loading class java/util/Vector$1 done
Event: 49.417 Loading class jdk/internal/reflect/UnsafeObjectFieldAccessorImpl
Event: 49.420 Loading class jdk/internal/reflect/UnsafeObjectFieldAccessorImpl done
Event: 51.045 Loading class java/util/TimerTask
Event: 51.047 Loading class java/util/TimerTask done

Classes unloaded (0 events):
No events

Classes redefined (0 events):
No events

Internal exceptions (20 events):
Event: 49.936 Thread 0x000002088a011040 Exception <a 'java/lang/NoSuchMethodError'{0x00000000c71fa790}: 'int java.lang.invoke.DirectMethodHandle$Holder.invokeStatic(java.lang.Object, int, java.lang.Object)'> (0x00000000c71fa790) 
thrown [s\src\hotspot\share\interpreter\linkResolver.cpp, line 759]
Event: 49.937 Thread 0x00000208df60ff90 Exception <a 'java/lang/reflect/InvocationTargetException'{0x00000000c70a1540}> (0x00000000c70a1540) 
thrown [s\src\hotspot\share\runtime\reflection.cpp, line 1128]
Event: 49.950 Thread 0x000002088a011040 Exception <a 'java/lang/NoSuchMethodError'{0x00000000c703dc98}: 'java.lang.Object java.lang.invoke.DirectMethodHandle$Holder.newInvokeSpecial(java.lang.Object, java.lang.Object, java.lang.Object, java.lang.Object, java.lang.Object, int, java.lang.Object)'> (0x00000000c703dc98) 
thrown [s\src\hotspot\share\interpreter\linkResolver.cpp, line 759]
Event: 49.984 Thread 0x000002088a011040 Exception <a 'java/lang/NoSuchMethodError'{0x00000000c707abf0}: 'java.lang.Object java.lang.invoke.DirectMethodHandle$Holder.newInvokeSpecial(java.lang.Object, java.lang.Object, java.lang.Object, java.lang.Object, java.lang.Object, java.lang.Object, java.lang.Object, java.lang.Object, java.lang.Object, java.lang.Object, java.lang.Object, java.lang.Object)'> (0x00000000c707abf0) 
thrown [s\src\hotspot\share\interpreter\linkResolver.cpp, line 759]
Event: 49.986 Thread 0x000002088a011040 Exception <a 'java/lang/NoSuchMethodError'{0x00000000c707f688}: 'java.lang.Object java.lang.invoke.DirectMethodHandle$Holder.invokeSpecial(java.lang.Object, java.lang.Object, java.lang.Object, java.lang.Object, java.lang.Object, java.lang.Object, java.lang.Object, java.lang.Object, java.lang.Object, java.lang.Object, java.lang.Object, java.lang.Object, java.lang.Object)'> (0x00000000c707f688) 
thrown [s\src\hotspot\share\interpreter\linkResolver.cpp, line 759]
Event: 49.987 Thread 0x000002088a011040 Exception <a 'java/lang/NoSuchMethodError'{0x00000000c7083da0}: 'java.lang.Object java.lang.invoke.Invokers$Holder.linkToTargetMethod(java.lang.Object, java.lang.Object, java.lang.Object, java.lang.Object, java.lang.Object, java.lang.Object, java.lang.Object, java.lang.Object, java.lang.Object, java.lang.Object, java.lang.Object, java.lang.Object)'> (0x00000000c7083da0) 
thrown [s\src\hotspot\share\interpreter\linkResolver.cpp, line 759]
Event: 50.031 Thread 0x000002088a011040 Exception <a 'java/lang/IncompatibleClassChangeError'{0x00000000c6f1d768}: Found class java.lang.Object, but interface was expected> (0x00000000c6f1d768) 
thrown [s\src\hotspot\share\interpreter\linkResolver.cpp, line 826]
Event: 50.197 Thread 0x000002088a011040 Exception <a 'java/lang/IncompatibleClassChangeError'{0x00000000c6e376c8}: Found class java.lang.Object, but interface was expected> (0x00000000c6e376c8) 
thrown [s\src\hotspot\share\interpreter\linkResolver.cpp, line 826]
Event: 50.286 Thread 0x000002088a011040 Exception <a 'java/lang/NoSuchMethodError'{0x00000000c6ecee50}: 'java.lang.Object java.lang.invoke.DirectMethodHandle$Holder.newInvokeSpecial(java.lang.Object, java.lang.Object, java.lang.Object, java.lang.Object, java.lang.Object, java.lang.Object, java.lang.Object, int)'> (0x00000000c6ecee50) 
thrown [s\src\hotspot\share\interpreter\linkResolver.cpp, line 759]
Event: 50.286 Thread 0x000002088a011040 Exception <a 'java/lang/NoSuchMethodError'{0x00000000c6ed3e48}: 'java.lang.Object java.lang.invoke.DirectMethodHandle$Holder.invokeSpecial(java.lang.Object, java.lang.Object, java.lang.Object, java.lang.Object, java.lang.Object, java.lang.Object, java.lang.Object, java.lang.Object, int)'> (0x00000000c6ed3e48) 
thrown [s\src\hotspot\share\interpreter\linkResolver.cpp, line 759]
Event: 50.286 Thread 0x000002088a011040 Exception <a 'java/lang/NoSuchMethodError'{0x00000000c6ed8910}: 'java.lang.Object java.lang.invoke.Invokers$Holder.linkToTargetMethod(java.lang.Object, java.lang.Object, java.lang.Object, java.lang.Object, java.lang.Object, java.lang.Object, int, java.lang.Object)'> (0x00000000c6ed8910) 
thrown [s\src\hotspot\share\interpreter\linkResolver.cpp, line 759]
Event: 50.388 Thread 0x000002088a011040 Exception <a 'java/lang/NoSuchMethodError'{0x00000000c6c02910}: 'java.lang.Object java.lang.invoke.DirectMethodHandle$Holder.newInvokeSpecial(java.lang.Object, java.lang.Object, int, java.lang.Object, int, java.lang.Object, java.lang.Object)'> (0x00000000c6c02910) 
thrown [s\src\hotspot\share\interpreter\linkResolver.cpp, line 759]
Event: 50.446 Thread 0x000002088a011040 Exception <a 'java/lang/NoSuchMethodError'{0x00000000c6ce7f58}: 'void java.lang.invoke.DirectMethodHandle$Holder.invokeInterface(java.lang.Object, java.lang.Object)'> (0x00000000c6ce7f58) 
thrown [s\src\hotspot\share\interpreter\linkResolver.cpp, line 759]
Event: 50.454 Thread 0x00000208df60ff90 Exception <a 'java/lang/reflect/InvocationTargetException'{0x00000000c6ba3070}> (0x00000000c6ba3070) 
thrown [s\src\hotspot\share\runtime\reflection.cpp, line 1128]
Event: 50.987 Thread 0x00000208df60ff90 Exception <a 'java/lang/reflect/InvocationTargetException'{0x00000000c6722e70}> (0x00000000c6722e70) 
thrown [s\src\hotspot\share\runtime\reflection.cpp, line 1128]
Event: 51.527 Thread 0x00000208df60ff90 Exception <a 'java/lang/reflect/InvocationTargetException'{0x00000000c7efa7d0}> (0x00000000c7efa7d0) 
thrown [s\src\hotspot\share\runtime\reflection.cpp, line 1128]
Event: 52.223 Thread 0x00000208df60ff90 Exception <a 'java/lang/reflect/InvocationTargetException'{0x00000000c7ca6de8}> (0x00000000c7ca6de8) 
thrown [s\src\hotspot\share\runtime\reflection.cpp, line 1128]
Event: 52.749 Thread 0x00000208df60ff90 Exception <a 'java/lang/reflect/InvocationTargetException'{0x00000000c7cd1f20}> (0x00000000c7cd1f20) 
thrown [s\src\hotspot\share\runtime\reflection.cpp, line 1128]
Event: 53.266 Thread 0x00000208df60ff90 Exception <a 'java/lang/reflect/InvocationTargetException'{0x00000000c7cde4f8}> (0x00000000c7cde4f8) 
thrown [s\src\hotspot\share\runtime\reflection.cpp, line 1128]
Event: 54.327 Thread 0x00000208df60ff90 Exception <a 'java/lang/reflect/InvocationTargetException'{0x00000000c7b29a68}> (0x00000000c7b29a68) 
thrown [s\src\hotspot\share\runtime\reflection.cpp, line 1128]

VM Operations (20 events):
Event: 47.705 Executing VM operation: HandshakeAllThreads
Event: 47.705 Executing VM operation: HandshakeAllThreads done
Event: 47.825 Executing VM operation: HandshakeAllThreads
Event: 47.825 Executing VM operation: HandshakeAllThreads done
Event: 48.275 Executing VM operation: HandshakeAllThreads
Event: 48.275 Executing VM operation: HandshakeAllThreads done
Event: 48.275 Executing VM operation: Cleanup
Event: 48.275 Executing VM operation: Cleanup done
Event: 48.997 Executing VM operation: G1CollectForAllocation
Event: 49.034 Executing VM operation: G1CollectForAllocation done
Event: 50.309 Executing VM operation: HandshakeAllThreads
Event: 50.309 Executing VM operation: HandshakeAllThreads done
Event: 50.309 Executing VM operation: Cleanup
Event: 50.309 Executing VM operation: Cleanup done
Event: 50.477 Executing VM operation: HandshakeAllThreads
Event: 50.478 Executing VM operation: HandshakeAllThreads done
Event: 51.257 Executing VM operation: G1CollectForAllocation
Event: 51.296 Executing VM operation: G1CollectForAllocation done
Event: 53.296 Executing VM operation: Cleanup
Event: 53.296 Executing VM operation: Cleanup done

Memory protections (0 events):
No events

Nmethod flushes (0 events):
No events

Events (20 events):
Event: 48.855 Thread 0x00000208df60ff90 Thread added: 0x00000208df6118e0
Event: 48.903 Thread 0x00000208df6118e0 Thread exited: 0x00000208df6118e0
Event: 49.405 Thread 0x00000208df60ff90 Thread added: 0x00000208df6118e0
Event: 49.417 Thread 0x00000208df6118e0 Thread exited: 0x00000208df6118e0
Event: 49.933 Thread 0x00000208df60ff90 Thread added: 0x00000208df60fa80
Event: 49.947 Thread 0x00000208df60fa80 Thread exited: 0x00000208df60fa80
Event: 50.451 Thread 0x00000208df60ff90 Thread added: 0x00000208df60fa80
Event: 50.456 Thread 0x00000208df60fa80 Thread exited: 0x00000208df60fa80
Event: 50.974 Thread 0x00000208df60ff90 Thread added: 0x00000208df60fa80
Event: 50.995 Thread 0x00000208df60fa80 Thread exited: 0x00000208df60fa80
Event: 51.509 Thread 0x00000208df60ff90 Thread added: 0x00000208df6118e0
Event: 51.532 Thread 0x00000208df6118e0 Thread exited: 0x00000208df6118e0
Event: 52.216 Thread 0x00000208df60ff90 Thread added: 0x00000208df6118e0
Event: 52.230 Thread 0x00000208df6118e0 Thread exited: 0x00000208df6118e0
Event: 52.738 Thread 0x00000208df60ff90 Thread added: 0x00000208df60fa80
Event: 52.751 Thread 0x00000208df60fa80 Thread exited: 0x00000208df60fa80
Event: 53.255 Thread 0x00000208df60ff90 Thread added: 0x00000208df6118e0
Event: 53.271 Thread 0x00000208df6118e0 Thread exited: 0x00000208df6118e0
Event: 54.308 Thread 0x00000208df60ff90 Thread added: 0x00000208df6118e0
Event: 54.328 Thread 0x00000208df6118e0 Thread exited: 0x00000208df6118e0


Dynamic libraries:
0x00007ff77edf0000 - 0x00007ff77edfe000 	C:\Users\rhaff\.jdks\corretto-17.0.15\bin\java.exe
0x00007fff60720000 - 0x00007fff60980000 	C:\WINDOWS\SYSTEM32\ntdll.dll
0x00007fff5f260000 - 0x00007fff5f327000 	C:\WINDOWS\System32\KERNEL32.DLL
0x00007fff5de00000 - 0x00007fff5e1ca000 	C:\WINDOWS\System32\KERNELBASE.dll
0x00007fff5d990000 - 0x00007fff5dadb000 	C:\WINDOWS\System32\ucrtbase.dll
0x00007fff22960000 - 0x00007fff22977000 	C:\Users\rhaff\.jdks\corretto-17.0.15\bin\jli.dll
0x00007fff36fd0000 - 0x00007fff36feb000 	C:\Users\rhaff\.jdks\corretto-17.0.15\bin\VCRUNTIME140.dll
0x00007fff5edf0000 - 0x00007fff5efbc000 	C:\WINDOWS\System32\USER32.dll
0x00007fff5dc60000 - 0x00007fff5dc87000 	C:\WINDOWS\System32\win32u.dll
0x00007fff5ed40000 - 0x00007fff5ed6a000 	C:\WINDOWS\System32\GDI32.dll
0x00007fff3c1c0000 - 0x00007fff3c457000 	C:\WINDOWS\WinSxS\amd64_microsoft.windows.common-controls_6595b64144ccf1df_6.0.26100.3624_none_3e086962e3345f24\COMCTL32.dll
0x00007fff5e270000 - 0x00007fff5e3a1000 	C:\WINDOWS\System32\gdi32full.dll
0x00007fff5dc90000 - 0x00007fff5dd33000 	C:\WINDOWS\System32\msvcp_win.dll
0x00007fff5f040000 - 0x00007fff5f0e9000 	C:\WINDOWS\System32\msvcrt.dll
0x00007fff5fa20000 - 0x00007fff5fa4f000 	C:\WINDOWS\System32\IMM32.DLL
0x00007fff5a250000 - 0x00007fff5a25c000 	C:\Users\rhaff\.jdks\corretto-17.0.15\bin\vcruntime140_1.dll
0x00007ffeedc10000 - 0x00007ffeedc9d000 	C:\Users\rhaff\.jdks\corretto-17.0.15\bin\msvcp140.dll
0x00007ffec5ab0000 - 0x00007ffec671c000 	C:\Users\rhaff\.jdks\corretto-17.0.15\bin\server\jvm.dll
0x00007fff5f8e0000 - 0x00007fff5f992000 	C:\WINDOWS\System32\ADVAPI32.dll
0x00007fff5faa0000 - 0x00007fff5fb46000 	C:\WINDOWS\System32\sechost.dll
0x00007fff5f730000 - 0x00007fff5f846000 	C:\WINDOWS\System32\RPCRT4.dll
0x00007fff5efc0000 - 0x00007fff5f034000 	C:\WINDOWS\System32\WS2_32.dll
0x00007fff5d750000 - 0x00007fff5d7ae000 	C:\WINDOWS\SYSTEM32\POWRPROF.dll
0x00007fff4bf80000 - 0x00007fff4bf8b000 	C:\WINDOWS\SYSTEM32\VERSION.dll
0x00007fff52eb0000 - 0x00007fff52ee6000 	C:\WINDOWS\SYSTEM32\WINMM.dll
0x00007fff5d730000 - 0x00007fff5d744000 	C:\WINDOWS\SYSTEM32\UMPDC.dll
0x00007fff5c6f0000 - 0x00007fff5c70a000 	C:\WINDOWS\SYSTEM32\kernel.appcore.dll
0x00007fff4e010000 - 0x00007fff4e01a000 	C:\Users\rhaff\.jdks\corretto-17.0.15\bin\jimage.dll
0x00007fff5b070000 - 0x00007fff5b2b1000 	C:\WINDOWS\SYSTEM32\DBGHELP.DLL
0x00007fff5f3a0000 - 0x00007fff5f722000 	C:\WINDOWS\System32\combase.dll
0x00007fff5e9b0000 - 0x00007fff5ea86000 	C:\WINDOWS\System32\OLEAUT32.dll
0x00007fff386d0000 - 0x00007fff38709000 	C:\WINDOWS\SYSTEM32\dbgcore.DLL
0x00007fff5e1d0000 - 0x00007fff5e269000 	C:\WINDOWS\System32\bcryptPrimitives.dll
0x00007fff3bd50000 - 0x00007fff3bd5e000 	C:\Users\rhaff\.jdks\corretto-17.0.15\bin\instrument.dll
0x00007ffeeea20000 - 0x00007ffeeea45000 	C:\Users\rhaff\.jdks\corretto-17.0.15\bin\java.dll
0x00007ffee8c80000 - 0x00007ffee8d57000 	C:\Users\rhaff\.jdks\corretto-17.0.15\bin\jsvml.dll
0x00007fff5fe50000 - 0x00007fff60579000 	C:\WINDOWS\System32\SHELL32.dll
0x00007fff5e3b0000 - 0x00007fff5e518000 	C:\WINDOWS\System32\wintypes.dll
0x00007fff5b570000 - 0x00007fff5bdc2000 	C:\WINDOWS\SYSTEM32\windows.storage.dll
0x00007fff5ea90000 - 0x00007fff5eb7d000 	C:\WINDOWS\System32\SHCORE.dll
0x00007fff5f330000 - 0x00007fff5f394000 	C:\WINDOWS\System32\shlwapi.dll
0x00007fff5d810000 - 0x00007fff5d83f000 	C:\WINDOWS\SYSTEM32\profapi.dll
0x00007ffeee9e0000 - 0x00007ffeee9f8000 	C:\Users\rhaff\.jdks\corretto-17.0.15\bin\zip.dll
0x00007fff22940000 - 0x00007fff22959000 	C:\Users\rhaff\.jdks\corretto-17.0.15\bin\net.dll
0x00007fff4d260000 - 0x00007fff4d37d000 	C:\WINDOWS\SYSTEM32\WINHTTP.dll
0x00007fff5cc30000 - 0x00007fff5cc9a000 	C:\WINDOWS\system32\mswsock.dll
0x00007ffeeea00000 - 0x00007ffeeea16000 	C:\Users\rhaff\.jdks\corretto-17.0.15\bin\nio.dll
0x00007fff5c260000 - 0x00007fff5c385000 	C:\WINDOWS\SYSTEM32\DNSAPI.dll
0x00007fff5c190000 - 0x00007fff5c1c3000 	C:\WINDOWS\SYSTEM32\IPHLPAPI.DLL
0x00007fff5fa90000 - 0x00007fff5fa9a000 	C:\WINDOWS\System32\NSI.dll
0x00007fff52bf0000 - 0x00007fff52bfb000 	C:\Windows\System32\rasadhlp.dll
0x00007fff55050000 - 0x00007fff550d5000 	C:\WINDOWS\System32\fwpuclnt.dll
0x00007fff36fc0000 - 0x00007fff36fc9000 	C:\Users\rhaff\.jdks\corretto-17.0.15\bin\management.dll
0x00007fff1bca0000 - 0x00007fff1bcab000 	C:\Users\rhaff\.jdks\corretto-17.0.15\bin\management_ext.dll
0x00007fff5f250000 - 0x00007fff5f258000 	C:\WINDOWS\System32\PSAPI.DLL
0x00007fff1bc30000 - 0x00007fff1bc39000 	C:\Users\rhaff\.jdks\corretto-17.0.15\bin\extnet.dll
0x00007fff5ced0000 - 0x00007fff5ceec000 	C:\WINDOWS\SYSTEM32\CRYPTSP.dll
0x00007fff5c650000 - 0x00007fff5c68a000 	C:\WINDOWS\system32\rsaenh.dll
0x00007fff5ccd0000 - 0x00007fff5ccfb000 	C:\WINDOWS\SYSTEM32\USERENV.dll
0x00007fff5d7e0000 - 0x00007fff5d806000 	C:\WINDOWS\SYSTEM32\bcrypt.dll
0x00007fff5cef0000 - 0x00007fff5cefc000 	C:\WINDOWS\SYSTEM32\CRYPTBASE.dll
0x00007fff52d00000 - 0x00007fff52d1f000 	C:\WINDOWS\SYSTEM32\dhcpcsvc6.DLL
0x00007fff52bc0000 - 0x00007fff52be5000 	C:\WINDOWS\SYSTEM32\dhcpcsvc.DLL
0x00007ffeed6e0000 - 0x00007ffeed6f8000 	C:\WINDOWS\system32\napinsp.dll
0x00007ffeed6c0000 - 0x00007ffeed6d2000 	C:\WINDOWS\System32\winrnr.dll
0x00007fff21750000 - 0x00007fff21780000 	C:\WINDOWS\system32\nlansp_c.dll
0x00007fff2f3d0000 - 0x00007fff2f3e6000 	C:\WINDOWS\system32\wshbth.dll
0x00007fff47b20000 - 0x00007fff47b6e000 	C:\WINDOWS\SYSTEM32\pdh.dll
0x00007fff1b9e0000 - 0x00007fff1b9ee000 	C:\Users\rhaff\.jdks\corretto-17.0.15\bin\sunmscapi.dll
0x00007fff5dae0000 - 0x00007fff5dc57000 	C:\WINDOWS\System32\CRYPT32.dll
0x00007fff5d0d0000 - 0x00007fff5d100000 	C:\WINDOWS\SYSTEM32\ncrypt.dll
0x00007fff5d080000 - 0x00007fff5d0bf000 	C:\WINDOWS\SYSTEM32\NTASN1.dll
0x00007fff4e020000 - 0x00007fff4e032000 	C:\WINDOWS\System32\perfproc.dll
0x00007fff35ee0000 - 0x00007fff35ef1000 	C:\WINDOWS\System32\perfos.dll
0x00007fff5bdf0000 - 0x00007fff5be02000 	C:\WINDOWS\SYSTEM32\pfclient.dll
0x00007fff1a340000 - 0x00007fff1a350000 	C:\Users\rhaff\.jdks\corretto-17.0.15\bin\verify.dll

dbghelp: loaded successfully - version: 4.0.5 - missing functions: none
symbol engine: initialized successfully - sym options: 0x614 - pdb path: .;C:\Users\rhaff\.jdks\corretto-17.0.15\bin;C:\WINDOWS\SYSTEM32;C:\WINDOWS\WinSxS\amd64_microsoft.windows.common-controls_6595b64144ccf1df_6.0.26100.3624_none_3e086962e3345f24;C:\Users\rhaff\.jdks\corretto-17.0.15\bin\server

VM Arguments:
jvm_args: -XX:TieredStopAtLevel=1 -Dspring.output.ansi.enabled=always -Dcom.sun.management.jmxremote -Dspring.jmx.enabled=true -Dspring.liveBeansView.mbeanDomain -Dspring.application.admin.enabled=true -Dmanagement.endpoints.jmx.exposure.include=* -javaagent:C:\Program Files\JetBrains\IntelliJ IDEA 2024.3.4\lib\idea_rt.jar=54235 -Dfile.encoding=UTF-8 
java_command: org.example.atharvolunteeringplatform.AtharVolunteeringPlatformApplication
java_class_path (initial): C:\Users\rhaff\IdeaProjects\Final-Project-Tuwaiq\target\classes;C:\Users\rhaff\.m2\repository\org\springframework\boot\spring-boot-starter-data-jpa\3.4.5\spring-boot-starter-data-jpa-3.4.5.jar;C:\Users\rhaff\.m2\repository\org\springframework\boot\spring-boot-starter\3.4.5\spring-boot-starter-3.4.5.jar;C:\Users\rhaff\.m2\repository\org\springframework\boot\spring-boot\3.4.5\spring-boot-3.4.5.jar;C:\Users\rhaff\.m2\repository\org\springframework\boot\spring-boot-autoconfigure\3.4.5\spring-boot-autoconfigure-3.4.5.jar;C:\Users\rhaff\.m2\repository\org\springframework\boot\spring-boot-starter-logging\3.4.5\spring-boot-starter-logging-3.4.5.jar;C:\Users\rhaff\.m2\repository\ch\qos\logback\logback-classic\1.5.18\logback-classic-1.5.18.jar;C:\Users\rhaff\.m2\repository\ch\qos\logback\logback-core\1.5.18\logback-core-1.5.18.jar;C:\Users\rhaff\.m2\repository\org\apache\logging\log4j\log4j-to-slf4j\2.24.3\log4j-to-slf4j-2.24.3.jar;C:\Users\rhaff\.m2\repository\org\apache\logging\log4j\log4j-api\2.24.3\log4j-api-2.24.3.jar;C:\Users\rhaff\.m2\repository\org\slf4j\jul-to-slf4j\2.0.17\jul-to-slf4j-2.0.17.jar;C:\Users\rhaff\.m2\repository\jakarta\annotation\jakarta.annotation-api\2.1.1\jakarta.annotation-api-2.1.1.jar;C:\Users\rhaff\.m2\repository\org\yaml\snakeyaml\2.3\snakeyaml-2.3.jar;C:\Users\rhaff\.m2\repository\org\springframework\boot\spring-boot-starter-jdbc\3.4.5\spring-boot-starter-jdbc-3.4.5.jar;C:\Users\rhaff\.m2\repository\com\zaxxer\HikariCP\5.1.0\HikariCP-5.1.0.jar;C:\Users\rhaff\.m2\repository\org\springframework\spring-jdbc\6.2.6\spring-jdbc-6.2.6.jar;C:\Users\rhaff\.m2\repository\org\hibernate\orm\hibernate-core\6.6.13.Final\hibernate-core-6.6.13.Final.jar;C:\Users\rhaff\.m2\repository\jakarta\persistence\jakarta.persistence-api\3.1.0\jakarta.persistence-api-3.1.0.jar;C:\Users\rhaff\.m2\repository\jakarta\transaction\jakarta.transaction-api\2.0.1\jakarta.transaction-api-2.0.1.jar;C:\Users\rhaff\.m2\repository\org\jboss\logging\jboss-
Launcher Type: SUN_STANDARD

[Global flags]
     intx CICompilerCount                          = 3                                         {product} {ergonomic}
     uint ConcGCThreads                            = 1                                         {product} {ergonomic}
     uint G1ConcRefinementThreads                  = 4                                         {product} {ergonomic}
   size_t G1HeapRegionSize                         = 1048576                                   {product} {ergonomic}
    uintx GCDrainStackTargetSize                   = 64                                        {product} {ergonomic}
   size_t InitialHeapSize                          = 62914560                                  {product} {ergonomic}
     bool ManagementServer                         = true                                      {product} {command line}
   size_t MarkStackSize                            = 4194304                                   {product} {ergonomic}
   size_t MaxHeapSize                              = 1006632960                                {product} {ergonomic}
   size_t MaxNewSize                               = 603979776                                 {product} {ergonomic}
   size_t MinHeapDeltaBytes                        = 1048576                                   {product} {ergonomic}
   size_t MinHeapSize                              = 8388608                                   {product} {ergonomic}
    uintx NonProfiledCodeHeapSize                  = 0                                      {pd product} {ergonomic}
     bool ProfileInterpreter                       = false                                  {pd product} {command line}
    uintx ProfiledCodeHeapSize                     = 0                                      {pd product} {ergonomic}
   size_t SoftMaxHeapSize                          = 1006632960                             {manageable} {ergonomic}
     intx TieredStopAtLevel                        = 1                                         {product} {command line}
     bool UseCompressedClassPointers               = true                           {product lp64_product} {ergonomic}
     bool UseCompressedOops                        = true                           {product lp64_product} {ergonomic}
     bool UseG1GC                                  = true                                      {product} {ergonomic}
     bool UseLargePagesIndividualAllocation        = false                                  {pd product} {ergonomic}

Logging:
Log output configuration:
 #0: stdout all=warning uptime,level,tags
 #1: stderr all=off uptime,level,tags

Environment Variables:
PATH=C:\Program Files\Python310\Scripts\;C:\Program Files\Python310\;C:\Program Files (x86)\Common Files\Oracle\Java\javapath;C:\WINDOWS\system32;C:\WINDOWS;C:\WINDOWS\System32\Wbem;C:\WINDOWS\System32\WindowsPowerShell\v1.0\;C:\WINDOWS\System32\OpenSSH\;C:\Program Files\dotnet\;C:\Program Files\HP\HP One Agent;C:\WINDOWS\system32;C:\WINDOWS;C:\WINDOWS\System32\Wbem;C:\WINDOWS\System32\WindowsPowerShell\v1.0\;C:\WINDOWS\System32\OpenSSH\;C:\Program Files\Git\cmd;C:\Users\rhaff\AppData\Local\Microsoft\WindowsApps;C:\Users\rhaff\.dotnet\tools;;C:\Program Files\JetBrains\IntelliJ IDEA 2024.3.4\bin;
USERNAME=rhaff
OS=Windows_NT
PROCESSOR_IDENTIFIER=Intel64 Family 6 Model 140 Stepping 1, GenuineIntel
TMP=C:\Users\rhaff\AppData\Local\Temp
TEMP=C:\Users\rhaff\AppData\Local\Temp



Periodic native trim disabled


---------------  S Y S T E M  ---------------

OS:
 Windows 11 , 64 bit Build 26100 (10.0.26100.3775)
OS uptime: 1 days 11:18 hours
Hyper-V role detected

CPU: total 4 (initial active 4) (2 cores per cpu, 2 threads per core) family 6 model 140 stepping 1 microcode 0xac, cx8, cmov, fxsr, ht, mmx, 3dnowpref, sse, sse2, sse3, ssse3, sse4.1, sse4.2, popcnt, lzcnt, tsc, tscinvbit, avx, avx2, aes, erms, clmul, bmi1, bmi2, adx, avx512f, avx512dq, avx512cd, avx512bw, avx512vl, sha, fma, vzeroupper, avx512_vpopcntdq, avx512_vpclmulqdq, avx512_vaes, avx512_vnni, clflush, clflushopt, clwb, avx512_vbmi2, avx512_vbmi, hv
Processor Information for all 4 processors :
  Max Mhz: 2995, Current Mhz: 2995, Mhz Limit: 2995

Memory: 4k page, system-wide physical 3836M (23M free)
TotalPageFile size 15612M (AvailPageFile size 0M)
current process WorkingSet (physical memory assigned to process): 61M, peak: 112M
current process commit charge ("private bytes"): 231M, peak: 231M

vm_info: OpenJDK 64-Bit Server VM (17.0.15+6-LTS) for windows-amd64 JRE (17.0.15+6-LTS), built on Apr  9 2025 23:33:55 by "Administrator" with MS VC++ 16.10 / 16.11 (VS2019)

END.
